<?xml version="1.0" encoding="UTF-8"?>
<testng-results ignored="0" total="3" passed="2" failed="1" skipped="0">
  <reporter-output>
  </reporter-output>
  <suite started-at="2021-07-29T14:46:16 IST" name="Default suite" finished-at="2021-07-29T14:46:52 IST" duration-ms="36659">
    <groups>
    </groups>
    <test started-at="2021-07-29T14:46:16 IST" name="Default test" finished-at="2021-07-29T14:46:52 IST" duration-ms="36659">
      <class name="com.fleet.test.HomeTest">
        <test-method is-config="true" signature="beforeClass()[pri:0, instance:com.fleet.test.HomeTest@5db250b4]" started-at="2021-07-29T14:46:16 IST" name="beforeClass" finished-at="2021-07-29T14:46:40 IST" duration-ms="23985" status="PASS">
          <reporter-output>
          </reporter-output>
        </test-method> <!-- beforeClass -->
        <test-method signature="verifyTitle()[pri:0, instance:com.fleet.test.HomeTest@5db250b4]" started-at="2021-07-29T14:46:40 IST" name="verifyTitle" finished-at="2021-07-29T14:46:40 IST" duration-ms="44" status="PASS">
          <reporter-output>
          </reporter-output>
        </test-method> <!-- verifyTitle -->
        <test-method is-config="true" signature="tearDown(org.testng.ITestResult)[pri:0, instance:com.fleet.test.HomeTest@5db250b4]" started-at="2021-07-29T14:46:40 IST" name="tearDown" finished-at="2021-07-29T14:46:40 IST" duration-ms="5" status="PASS">
          <params>
            <param index="0">
              <value>
                <![CDATA[[TestResult name=verifyTitle status=SUCCESS method=HomeTest.verifyTitle()[pri:0, instance:com.fleet.test.HomeTest@5db250b4] output={null}]]]>
              </value>
            </param>
          </params>
          <reporter-output>
          </reporter-output>
        </test-method> <!-- tearDown -->
        <test-method signature="verifySlider()[pri:1, instance:com.fleet.test.HomeTest@5db250b4]" started-at="2021-07-29T14:46:40 IST" name="verifySlider" finished-at="2021-07-29T14:46:40 IST" duration-ms="629" status="PASS">
          <reporter-output>
          </reporter-output>
        </test-method> <!-- verifySlider -->
        <test-method is-config="true" signature="tearDown(org.testng.ITestResult)[pri:0, instance:com.fleet.test.HomeTest@5db250b4]" started-at="2021-07-29T14:46:40 IST" name="tearDown" finished-at="2021-07-29T14:46:40 IST" duration-ms="1" status="PASS">
          <params>
            <param index="0">
              <value>
                <![CDATA[[TestResult name=verifySlider status=SUCCESS method=HomeTest.verifySlider()[pri:1, instance:com.fleet.test.HomeTest@5db250b4] output={null}]]]>
              </value>
            </param>
          </params>
          <reporter-output>
          </reporter-output>
        </test-method> <!-- tearDown -->
        <test-method signature="verifyCards()[pri:2, instance:com.fleet.test.HomeTest@5db250b4]" started-at="2021-07-29T14:46:40 IST" name="verifyCards" finished-at="2021-07-29T14:46:51 IST" duration-ms="10237" status="FAIL">
          <exception class="java.lang.AssertionError">
            <message>
              <![CDATA[QA expected [Gilead - Speaker Support Portals - Fleet Studio] but found [true]]]>
            </message>
            <full-stacktrace>
              <![CDATA[java.lang.AssertionError: QA expected [Gilead - Speaker Support Portals - Fleet Studio] but found [true]
at org.testng.Assert.fail(Assert.java:99)
at org.testng.Assert.failNotEquals(Assert.java:1037)
at org.testng.Assert.assertEqualsImpl(Assert.java:140)
at org.testng.Assert.assertEquals(Assert.java:122)
at com.fleet.page.WorkPage.card(WorkPage.java:71)
at com.fleet.test.HomeTest.verifyCards(HomeTest.java:38)
at java.base/jdk.internal.reflect.NativeMethodAccessorImpl.invoke0(Native Method)
at java.base/jdk.internal.reflect.NativeMethodAccessorImpl.invoke(NativeMethodAccessorImpl.java:64)
at java.base/jdk.internal.reflect.DelegatingMethodAccessorImpl.invoke(DelegatingMethodAccessorImpl.java:43)
at java.base/java.lang.reflect.Method.invoke(Method.java:564)
at org.testng.internal.MethodInvocationHelper.invokeMethod(MethodInvocationHelper.java:132)
at org.testng.internal.TestInvoker.invokeMethod(TestInvoker.java:599)
at org.testng.internal.TestInvoker.invokeTestMethod(TestInvoker.java:174)
at org.testng.internal.MethodRunner.runInSequence(MethodRunner.java:46)
at org.testng.internal.TestInvoker$MethodInvocationAgent.invoke(TestInvoker.java:822)
at org.testng.internal.TestInvoker.invokeTestMethods(TestInvoker.java:147)
at org.testng.internal.TestMethodWorker.invokeTestMethods(TestMethodWorker.java:146)
at org.testng.internal.TestMethodWorker.run(TestMethodWorker.java:128)
at java.base/java.util.ArrayList.forEach(ArrayList.java:1511)
at org.testng.TestRunner.privateRun(TestRunner.java:764)
at org.testng.TestRunner.run(TestRunner.java:585)
at org.testng.SuiteRunner.runTest(SuiteRunner.java:384)
at org.testng.SuiteRunner.runSequentially(SuiteRunner.java:378)
at org.testng.SuiteRunner.privateRun(SuiteRunner.java:337)
at org.testng.SuiteRunner.run(SuiteRunner.java:286)
at org.testng.SuiteRunnerWorker.runSuite(SuiteRunnerWorker.java:53)
at org.testng.SuiteRunnerWorker.run(SuiteRunnerWorker.java:96)
at org.testng.TestNG.runSuitesSequentially(TestNG.java:1218)
at org.testng.TestNG.runSuitesLocally(TestNG.java:1140)
at org.testng.TestNG.runSuites(TestNG.java:1069)
at org.testng.TestNG.run(TestNG.java:1037)
at org.testng.remote.AbstractRemoteTestNG.run(AbstractRemoteTestNG.java:115)
at org.testng.remote.RemoteTestNG.initAndRun(RemoteTestNG.java:251)
at org.testng.remote.RemoteTestNG.main(RemoteTestNG.java:77)
]]>
            </full-stacktrace>
          </exception> <!-- java.lang.AssertionError -->
          <reporter-output>
          </reporter-output>
        </test-method> <!-- verifyCards -->
        <test-method is-config="true" signature="tearDown(org.testng.ITestResult)[pri:0, instance:com.fleet.test.HomeTest@5db250b4]" started-at="2021-07-29T14:46:51 IST" name="tearDown" finished-at="2021-07-29T14:46:51 IST" duration-ms="667" status="PASS">
          <params>
            <param index="0">
              <value>
                <![CDATA[[TestResult name=verifyCards status=FAILURE method=HomeTest.verifyCards()[pri:2, instance:com.fleet.test.HomeTest@5db250b4] output={null}]]]>
              </value>
            </param>
          </params>
          <reporter-output>
          </reporter-output>
        </test-method> <!-- tearDown -->
        <test-method is-config="true" signature="afterClass()[pri:0, instance:com.fleet.test.HomeTest@5db250b4]" started-at="2021-07-29T14:46:51 IST" name="afterClass" finished-at="2021-07-29T14:46:52 IST" duration-ms="917" status="PASS">
          <reporter-output>
          </reporter-output>
        </test-method> <!-- afterClass -->
      </class> <!-- com.fleet.test.HomeTest -->
    </test> <!-- Default test -->
  </suite> <!-- Default suite -->
</testng-results>
